<?xml version="1.0" encoding="UTF-8"?>
<!-- Generated by org.testng.reporters.JUnitReportReporter -->
<testsuite skipped="0" hostname="W25188602N72E" name="TestPackage.SampleTest" tests="1" failures="0" timestamp="13 Mar 2019 11:25:52 GMT" time="34.451" errors="0">
  <testcase name="HelloWorld_Success" time="34.451" classname="TestPackage.SampleTest"/>
</testsuite> <!-- TestPackage.SampleTest -->
